[0.014s] Invoking command in '/home/timwilliamson/dev/personal/Robotics/web_video_server/build/web_video_server': CMAKE_PREFIX_PATH=/opt/ros/galactic /usr/bin/cmake /home/timwilliamson/dev/personal/Robotics/web_video_server -DCMAKE_INSTALL_PREFIX=/home/timwilliamson/dev/personal/Robotics/web_video_server/install/web_video_server
[0.027s] -- Found ament_cmake_ros: 0.9.2 (/opt/ros/galactic/share/ament_cmake_ros/cmake)
[0.048s] -- Using PYTHON_EXECUTABLE: /usr/bin/python3
[0.099s] CMake Error at CMakeLists.txt:6 (find_package):
[0.099s]   By not providing "Findasync_web_server_cpp.cmake" in CMAKE_MODULE_PATH this
[0.099s]   project has asked CMake to find a package configuration file provided by
[0.099s]   "async_web_server_cpp", but CMake did not find one.
[0.099s] 
[0.099s]   Could not find a package configuration file provided by
[0.099s]   "async_web_server_cpp" with any of the following names:
[0.099s] 
[0.099s]     async_web_server_cppConfig.cmake
[0.099s]     async_web_server_cpp-config.cmake
[0.099s] 
[0.099s]   Add the installation prefix of "async_web_server_cpp" to CMAKE_PREFIX_PATH
[0.099s]   or set "async_web_server_cpp_DIR" to a directory containing one of the
[0.099s]   above files.  If "async_web_server_cpp" provides a separate development
[0.100s]   package or SDK, be sure it has been installed.
[0.100s] 
[0.100s] 
[0.100s] -- Configuring incomplete, errors occurred!
[0.100s] See also "/home/timwilliamson/dev/personal/Robotics/web_video_server/build/web_video_server/CMakeFiles/CMakeOutput.log".
[0.102s] Invoked command in '/home/timwilliamson/dev/personal/Robotics/web_video_server/build/web_video_server' returned '1': CMAKE_PREFIX_PATH=/opt/ros/galactic /usr/bin/cmake /home/timwilliamson/dev/personal/Robotics/web_video_server -DCMAKE_INSTALL_PREFIX=/home/timwilliamson/dev/personal/Robotics/web_video_server/install/web_video_server
