[0.011s] Invoking command in '/home/timwilliamson/dev/personal/Robotics/web_video_server/build/web_video_server': /usr/bin/cmake /home/timwilliamson/dev/personal/Robotics/web_video_server -DCATKIN_INSTALL_INTO_PREFIX_ROOT=0 -DCMAKE_INSTALL_PREFIX=/home/timwilliamson/dev/personal/Robotics/web_video_server/install/web_video_server
[0.184s] -- The C compiler identification is GNU 9.4.0
[0.265s] -- The CXX compiler identification is GNU 9.4.0
[0.275s] -- Check for working C compiler: /usr/bin/cc
[0.337s] -- Check for working C compiler: /usr/bin/cc -- works
[0.339s] -- Detecting C compiler ABI info
[0.396s] -- Detecting C compiler ABI info - done
[0.408s] -- Detecting C compile features
[0.409s] -- Detecting C compile features - done
[0.416s] -- Check for working CXX compiler: /usr/bin/c++
[0.482s] -- Check for working CXX compiler: /usr/bin/c++ -- works
[0.483s] -- Detecting CXX compiler ABI info
[0.550s] -- Detecting CXX compiler ABI info - done
[0.561s] -- Detecting CXX compile features
[0.561s] -- Detecting CXX compile features - done
[0.572s] CMake Error at CMakeLists.txt:7 (find_package):
[0.572s]   By not providing "Findcatkin.cmake" in CMAKE_MODULE_PATH this project has
[0.572s]   asked CMake to find a package configuration file provided by "catkin", but
[0.572s]   CMake did not find one.
[0.572s] 
[0.572s]   Could not find a package configuration file provided by "catkin" with any
[0.572s]   of the following names:
[0.572s] 
[0.573s]     catkinConfig.cmake
[0.573s]     catkin-config.cmake
[0.573s] 
[0.573s]   Add the installation prefix of "catkin" to CMAKE_PREFIX_PATH or set
[0.573s]   "catkin_DIR" to a directory containing one of the above files.  If "catkin"
[0.573s]   provides a separate development package or SDK, be sure it has been
[0.573s]   installed.
[0.573s] 
[0.573s] 
[0.573s] -- Configuring incomplete, errors occurred!
[0.573s] See also "/home/timwilliamson/dev/personal/Robotics/web_video_server/build/web_video_server/CMakeFiles/CMakeOutput.log".
[0.575s] Invoked command in '/home/timwilliamson/dev/personal/Robotics/web_video_server/build/web_video_server' returned '1': /usr/bin/cmake /home/timwilliamson/dev/personal/Robotics/web_video_server -DCATKIN_INSTALL_INTO_PREFIX_ROOT=0 -DCMAKE_INSTALL_PREFIX=/home/timwilliamson/dev/personal/Robotics/web_video_server/install/web_video_server
