-- The C compiler identification is GNU 9.4.0
-- The CXX compiler identification is GNU 9.4.0
-- Check for working C compiler: /usr/bin/cc
-- Check for working C compiler: /usr/bin/cc -- works
-- Detecting C compiler ABI info
-- Detecting C compiler ABI info - done
-- Detecting C compile features
-- Detecting C compile features - done
-- Check for working CXX compiler: /usr/bin/c++
-- Check for working CXX compiler: /usr/bin/c++ -- works
-- Detecting CXX compiler ABI info
-- Detecting CXX compiler ABI info - done
-- Detecting CXX compile features
-- Detecting CXX compile features - done
-- Found ament_cmake_ros: 0.9.2 (/opt/ros/galactic/share/ament_cmake_ros/cmake)
-- Found PythonInterp: /usr/bin/python3 (found suitable version "3.8.10", minimum required is "3") 
-- Using PYTHON_EXECUTABLE: /usr/bin/python3
-- Found async_web_server_cpp: 2.0.0 (/opt/ros/galactic/share/async_web_server_cpp/cmake)
-- Found Boost: /usr/lib/aarch64-linux-gnu/cmake/Boost-1.71.0/BoostConfig.cmake (found suitable version "1.71.0", minimum required is "1.71.0") found components: filesystem regex thread 
-- Found cv_bridge: 2.2.1 (/opt/ros/galactic/share/cv_bridge/cmake)
-- Found image_transport: 2.3.1 (/opt/ros/galactic/share/image_transport/cmake)
-- Using single rosidl_typesupport_c: rosidl_typesupport_introspection_c
-- Found rosidl_adapter: 2.2.2 (/opt/ros/galactic/share/rosidl_adapter/cmake)
-- Using single rosidl_typesupport_cpp: rosidl_typesupport_introspection_cpp
-- Found rmw_implementation_cmake: 3.3.1 (/opt/ros/galactic/share/rmw_implementation_cmake/cmake)
-- Found rmw_cyclonedds_cpp: 0.22.5 (/opt/ros/galactic/share/rmw_cyclonedds_cpp/cmake)
-- Using RMW implementation 'rmw_cyclonedds_cpp' as default
-- Found Threads: TRUE  
-- Found OpenCV: /usr (found version "4.2.0") 
-- Found Boost: /usr/lib/aarch64-linux-gnu/cmake/Boost-1.71.0/BoostConfig.cmake (found version "1.71.0") found components: thread 
-- Found PkgConfig: /usr/bin/pkg-config (found version "0.29.1") 
-- Checking for module 'libavcodec'
--   Found libavcodec, version 58.54.100
-- Checking for module 'libavformat'
--   Found libavformat, version 58.29.100
-- Checking for module 'libavutil'
--   Found libavutil, version 56.31.100
-- Checking for module 'libswscale'
--   Found libswscale, version 5.5.100
-- Configuring done
-- Generating done
-- Build files have been written to: /ros_ws/build_aarch64/web_video_server
Scanning dependencies of target web_video_server
[ 18%] Building CXX object CMakeFiles/web_video_server.dir/src/vp8_streamer.cpp.o
[ 18%] Building CXX object CMakeFiles/web_video_server.dir/src/vp9_streamer.cpp.o
[ 36%] Building CXX object CMakeFiles/web_video_server.dir/src/ros_compressed_streamer.cpp.o
[ 36%] Building CXX object CMakeFiles/web_video_server.dir/src/jpeg_streamers.cpp.o
[ 54%] Building CXX object CMakeFiles/web_video_server.dir/src/image_streamer.cpp.o
[ 54%] Building CXX object CMakeFiles/web_video_server.dir/src/web_video_server.cpp.o
[ 72%] Building CXX object CMakeFiles/web_video_server.dir/src/h264_streamer.cpp.o
[ 81%] Building CXX object CMakeFiles/web_video_server.dir/src/multipart_stream.cpp.o
[ 81%] Building CXX object CMakeFiles/web_video_server.dir/src/libav_streamer.cpp.o
[ 90%] Building CXX object CMakeFiles/web_video_server.dir/src/png_streamers.cpp.o
/ros_ws/src/ros_compressed_streamer.cpp: In member function ‘virtual void web_video_server::RosCompressedStreamer::restreamFrame(double)’:
/ros_ws/src/ros_compressed_streamer.cpp:30:45: warning: ‘rclcpp::Duration::Duration(rcl_duration_value_t)’ is deprecated: Use Duration::from_nanoseconds instead or std::chrono_literals. For example:rclcpp::Duration::from_nanoseconds(int64_variable);rclcpp::Duration(0ns); [-Wdeprecated-declarations]
   30 |   if ( last_frame + rclcpp::Duration(max_age) < nh_->now() ) {
      |                                             ^
In file included from /opt/ros/galactic/include/rclcpp/qos.hpp:20,
                 from /opt/ros/galactic/include/rclcpp/node_interfaces/node_graph_interface.hpp:31,
                 from /opt/ros/galactic/include/rclcpp/client.hpp:34,
                 from /opt/ros/galactic/include/rclcpp/callback_group.hpp:23,
                 from /opt/ros/galactic/include/rclcpp/any_executable.hpp:20,
                 from /opt/ros/galactic/include/rclcpp/memory_strategy.hpp:25,
                 from /opt/ros/galactic/include/rclcpp/memory_strategies.hpp:18,
                 from /opt/ros/galactic/include/rclcpp/executor_options.hpp:20,
                 from /opt/ros/galactic/include/rclcpp/executor.hpp:36,
                 from /opt/ros/galactic/include/rclcpp/executors/multi_threaded_executor.hpp:26,
                 from /opt/ros/galactic/include/rclcpp/executors.hpp:21,
                 from /opt/ros/galactic/include/rclcpp/rclcpp.hpp:156,
                 from /ros_ws/include/web_video_server/image_streamer.h:4,
                 from /ros_ws/include/web_video_server/ros_compressed_streamer.h:5,
                 from /ros_ws/src/ros_compressed_streamer.cpp:1:
/opt/ros/galactic/include/rclcpp/duration.hpp:46:12: note: declared here
   46 |   explicit Duration(rcl_duration_value_t nanoseconds);
      |            ^~~~~~~~
/ros_ws/src/image_streamer.cpp: In member function ‘virtual void web_video_server::ImageTransportImageStreamer::restreamFrame(double)’:
/ros_ws/src/image_streamer.cpp:61:47: warning: ‘rclcpp::Duration::Duration(rcl_duration_value_t)’ is deprecated: Use Duration::from_nanoseconds instead or std::chrono_literals. For example:rclcpp::Duration::from_nanoseconds(int64_variable);rclcpp::Duration(0ns); [-Wdeprecated-declarations]
   61 |     if ( last_frame + rclcpp::Duration(max_age) < nh_->now() ) {
      |                                               ^
In file included from /opt/ros/galactic/include/rclcpp/qos.hpp:20,
                 from /opt/ros/galactic/include/rclcpp/node_interfaces/node_graph_interface.hpp:31,
                 from /opt/ros/galactic/include/rclcpp/client.hpp:34,
                 from /opt/ros/galactic/include/rclcpp/callback_group.hpp:23,
                 from /opt/ros/galactic/include/rclcpp/any_executable.hpp:20,
                 from /opt/ros/galactic/include/rclcpp/memory_strategy.hpp:25,
                 from /opt/ros/galactic/include/rclcpp/memory_strategies.hpp:18,
                 from /opt/ros/galactic/include/rclcpp/executor_options.hpp:20,
                 from /opt/ros/galactic/include/rclcpp/executor.hpp:36,
                 from /opt/ros/galactic/include/rclcpp/executors/multi_threaded_executor.hpp:26,
                 from /opt/ros/galactic/include/rclcpp/executors.hpp:21,
                 from /opt/ros/galactic/include/rclcpp/rclcpp.hpp:156,
                 from /ros_ws/include/web_video_server/image_streamer.h:4,
                 from /ros_ws/src/image_streamer.cpp:1:
/opt/ros/galactic/include/rclcpp/duration.hpp:46:12: note: declared here
   46 |   explicit Duration(rcl_duration_value_t nanoseconds);
      |            ^~~~~~~~
/ros_ws/src/libav_streamer.cpp: In constructor ‘web_video_server::LibavStreamer::LibavStreamer(const async_web_server_cpp::HttpRequest&, async_web_server_cpp::HttpConnectionPtr, rclcpp::Node::SharedPtr, const string&, const string&, const string&)’:
/ros_ws/src/libav_streamer.cpp:65:55: warning: ‘int av_lockmgr_register(int (*)(void**, AVLockOp))’ is deprecated [-Wdeprecated-declarations]
   65 |   av_lockmgr_register(&ffmpeg_boost_mutex_lock_manager);
      |                                                       ^
In file included from /ros_ws/include/web_video_server/libav_streamer.h:11,
                 from /ros_ws/src/libav_streamer.cpp:1:
/usr/include/aarch64-linux-gnu/libavcodec/avcodec.h:6163:5: note: declared here
 6163 | int av_lockmgr_register(int (*cb)(void **mutex, enum AVLockOp op));
      |     ^~~~~~~~~~~~~~~~~~~
/ros_ws/src/libav_streamer.cpp:65:55: warning: ‘int av_lockmgr_register(int (*)(void**, AVLockOp))’ is deprecated [-Wdeprecated-declarations]
   65 |   av_lockmgr_register(&ffmpeg_boost_mutex_lock_manager);
      |                                                       ^
In file included from /ros_ws/include/web_video_server/libav_streamer.h:11,
                 from /ros_ws/src/libav_streamer.cpp:1:
/usr/include/aarch64-linux-gnu/libavcodec/avcodec.h:6163:5: note: declared here
 6163 | int av_lockmgr_register(int (*cb)(void **mutex, enum AVLockOp op));
      |     ^~~~~~~~~~~~~~~~~~~
/ros_ws/src/libav_streamer.cpp:66:19: warning: ‘void av_register_all()’ is deprecated [-Wdeprecated-declarations]
   66 |   av_register_all();
      |                   ^
In file included from /ros_ws/include/web_video_server/libav_streamer.h:12,
                 from /ros_ws/src/libav_streamer.cpp:1:
/usr/include/aarch64-linux-gnu/libavformat/avformat.h:2050:6: note: declared here
 2050 | void av_register_all(void);
      |      ^~~~~~~~~~~~~~~
/ros_ws/src/libav_streamer.cpp:66:19: warning: ‘void av_register_all()’ is deprecated [-Wdeprecated-declarations]
   66 |   av_register_all();
      |                   ^
In file included from /ros_ws/include/web_video_server/libav_streamer.h:12,
                 from /ros_ws/src/libav_streamer.cpp:1:
/usr/include/aarch64-linux-gnu/libavformat/avformat.h:2050:6: note: declared here
 2050 | void av_register_all(void);
      |      ^~~~~~~~~~~~~~~
/ros_ws/src/libav_streamer.cpp: In member function ‘virtual void web_video_server::LibavStreamer::initialize(const cv::Mat&)’:
/ros_ws/src/libav_streamer.cpp:160:35: warning: ‘AVStream::codec’ is deprecated [-Wdeprecated-declarations]
  160 |   codec_context_ = video_stream_->codec;
      |                                   ^~~~~
In file included from /ros_ws/include/web_video_server/libav_streamer.h:12,
                 from /ros_ws/src/libav_streamer.cpp:1:
/usr/include/aarch64-linux-gnu/libavformat/avformat.h:885:21: note: declared here
  885 |     AVCodecContext *codec;
      |                     ^~~~~
/ros_ws/src/libav_streamer.cpp:160:35: warning: ‘AVStream::codec’ is deprecated [-Wdeprecated-declarations]
  160 |   codec_context_ = video_stream_->codec;
      |                                   ^~~~~
In file included from /ros_ws/include/web_video_server/libav_streamer.h:12,
                 from /ros_ws/src/libav_streamer.cpp:1:
/usr/include/aarch64-linux-gnu/libavformat/avformat.h:885:21: note: declared here
  885 |     AVCodecContext *codec;
      |                     ^~~~~
/ros_ws/src/libav_streamer.cpp:160:35: warning: ‘AVStream::codec’ is deprecated [-Wdeprecated-declarations]
  160 |   codec_context_ = video_stream_->codec;
      |                                   ^~~~~
In file included from /ros_ws/include/web_video_server/libav_streamer.h:12,
                 from /ros_ws/src/libav_streamer.cpp:1:
/usr/include/aarch64-linux-gnu/libavformat/avformat.h:885:21: note: declared here
  885 |     AVCodecContext *codec;
      |                     ^~~~~
[100%] Linking CXX executable web_video_server
[100%] Built target web_video_server
-- Install configuration: ""
-- Installing: /ros_ws/install_aarch64/web_video_server/lib/web_video_server/web_video_server
-- Set runtime path of "/ros_ws/install_aarch64/web_video_server/lib/web_video_server/web_video_server" to ""
-- Installing: /ros_ws/install_aarch64/web_video_server/include/web_video_server
-- Installing: /ros_ws/install_aarch64/web_video_server/include/web_video_server/image_streamer.h
-- Installing: /ros_ws/install_aarch64/web_video_server/include/web_video_server/multipart_stream.h
-- Installing: /ros_ws/install_aarch64/web_video_server/include/web_video_server/png_streamers.h
-- Installing: /ros_ws/install_aarch64/web_video_server/include/web_video_server/ros_compressed_streamer.h
-- Installing: /ros_ws/install_aarch64/web_video_server/include/web_video_server/h264_streamer.h
-- Installing: /ros_ws/install_aarch64/web_video_server/include/web_video_server/web_video_server.h
-- Installing: /ros_ws/install_aarch64/web_video_server/include/web_video_server/vp9_streamer.h
-- Installing: /ros_ws/install_aarch64/web_video_server/include/web_video_server/jpeg_streamers.h
-- Installing: /ros_ws/install_aarch64/web_video_server/include/web_video_server/vp8_streamer.h
-- Installing: /ros_ws/install_aarch64/web_video_server/include/web_video_server/libav_streamer.h
-- Installing: /ros_ws/install_aarch64/web_video_server/share/ament_index/resource_index/package_run_dependencies/web_video_server
-- Installing: /ros_ws/install_aarch64/web_video_server/share/ament_index/resource_index/parent_prefix_path/web_video_server
-- Installing: /ros_ws/install_aarch64/web_video_server/share/web_video_server/environment/ament_prefix_path.sh
-- Installing: /ros_ws/install_aarch64/web_video_server/share/web_video_server/environment/ament_prefix_path.dsv
-- Installing: /ros_ws/install_aarch64/web_video_server/share/web_video_server/environment/path.sh
-- Installing: /ros_ws/install_aarch64/web_video_server/share/web_video_server/environment/path.dsv
-- Installing: /ros_ws/install_aarch64/web_video_server/share/web_video_server/local_setup.bash
-- Installing: /ros_ws/install_aarch64/web_video_server/share/web_video_server/local_setup.sh
-- Installing: /ros_ws/install_aarch64/web_video_server/share/web_video_server/local_setup.zsh
-- Installing: /ros_ws/install_aarch64/web_video_server/share/web_video_server/local_setup.dsv
-- Installing: /ros_ws/install_aarch64/web_video_server/share/web_video_server/package.dsv
-- Installing: /ros_ws/install_aarch64/web_video_server/share/ament_index/resource_index/packages/web_video_server
-- Installing: /ros_ws/install_aarch64/web_video_server/share/web_video_server/cmake/web_video_serverConfig.cmake
-- Installing: /ros_ws/install_aarch64/web_video_server/share/web_video_server/cmake/web_video_serverConfig-version.cmake
-- Installing: /ros_ws/install_aarch64/web_video_server/share/web_video_server/package.xml
