[0.175s] Invoking command in '/ros_ws/build_aarch64/web_video_server': CMAKE_PREFIX_PATH=/opt/ros/galactic /usr/bin/cmake /ros_ws -DCMAKE_INSTALL_PREFIX=/ros_ws/install_aarch64/web_video_server
[0.977s] -- The C compiler identification is GNU 9.4.0
[1.618s] -- The CXX compiler identification is GNU 9.4.0
[1.644s] -- Check for working C compiler: /usr/bin/cc
[2.530s] -- Check for working C compiler: /usr/bin/cc -- works
[2.534s] -- Detecting C compiler ABI info
[3.399s] -- Detecting C compiler ABI info - done
[3.464s] -- Detecting C compile features
[3.466s] -- Detecting C compile features - done
[3.478s] -- Check for working CXX compiler: /usr/bin/c++
[4.379s] -- Check for working CXX compiler: /usr/bin/c++ -- works
[4.383s] -- Detecting CXX compiler ABI info
[5.257s] -- Detecting CXX compiler ABI info - done
[5.317s] -- Detecting CXX compile features
[5.320s] -- Detecting CXX compile features - done
[5.332s] -- Found ament_cmake_ros: 0.9.2 (/opt/ros/galactic/share/ament_cmake_ros/cmake)
[5.581s] -- Found PythonInterp: /usr/bin/python3 (found suitable version "3.8.10", minimum required is "3") 
[5.582s] -- Using PYTHON_EXECUTABLE: /usr/bin/python3
[6.043s] -- Found async_web_server_cpp: 2.0.0 (/opt/ros/galactic/share/async_web_server_cpp/cmake)
[9.546s] -- Found Boost: /usr/lib/aarch64-linux-gnu/cmake/Boost-1.71.0/BoostConfig.cmake (found suitable version "1.71.0", minimum required is "1.71.0") found components: filesystem regex thread 
[9.563s] -- Found cv_bridge: 2.2.1 (/opt/ros/galactic/share/cv_bridge/cmake)
[9.644s] -- Found image_transport: 2.3.1 (/opt/ros/galactic/share/image_transport/cmake)
[9.802s] -- Using single rosidl_typesupport_c: rosidl_typesupport_introspection_c
[9.820s] -- Found rosidl_adapter: 2.2.2 (/opt/ros/galactic/share/rosidl_adapter/cmake)
[9.899s] -- Using single rosidl_typesupport_cpp: rosidl_typesupport_introspection_cpp
[10.172s] -- Found rmw_implementation_cmake: 3.3.1 (/opt/ros/galactic/share/rmw_implementation_cmake/cmake)
[10.179s] -- Found rmw_cyclonedds_cpp: 0.22.5 (/opt/ros/galactic/share/rmw_cyclonedds_cpp/cmake)
[10.269s] -- Using RMW implementation 'rmw_cyclonedds_cpp' as default
[10.276s] -- Found Threads: TRUE  
[11.793s] -- Found OpenCV: /usr (found version "4.2.0") 
[11.807s] -- Found Boost: /usr/lib/aarch64-linux-gnu/cmake/Boost-1.71.0/BoostConfig.cmake (found version "1.71.0") found components: thread 
[11.838s] -- Found PkgConfig: /usr/bin/pkg-config (found version "0.29.1") 
[11.842s] -- Checking for module 'libavcodec'
[12.013s] --   Found libavcodec, version 58.54.100
[12.520s] -- Checking for module 'libavformat'
[12.697s] --   Found libavformat, version 58.29.100
[13.235s] -- Checking for module 'libavutil'
[13.426s] --   Found libavutil, version 56.31.100
[13.932s] -- Checking for module 'libswscale'
[14.108s] --   Found libswscale, version 5.5.100
[15.148s] -- Configuring done
[15.316s] -- Generating done
[15.324s] -- Build files have been written to: /ros_ws/build_aarch64/web_video_server
[15.349s] Invoked command in '/ros_ws/build_aarch64/web_video_server' returned '0': CMAKE_PREFIX_PATH=/opt/ros/galactic /usr/bin/cmake /ros_ws -DCMAKE_INSTALL_PREFIX=/ros_ws/install_aarch64/web_video_server
[15.358s] Invoking command in '/ros_ws/build_aarch64/web_video_server': CMAKE_PREFIX_PATH=/opt/ros/galactic /usr/bin/cmake --build /ros_ws/build_aarch64/web_video_server -- -j16 -l16
[16.325s] Scanning dependencies of target web_video_server
[16.559s] [ 18%] Building CXX object CMakeFiles/web_video_server.dir/src/vp8_streamer.cpp.o
[16.559s] [ 18%] Building CXX object CMakeFiles/web_video_server.dir/src/vp9_streamer.cpp.o
[16.568s] [ 36%] Building CXX object CMakeFiles/web_video_server.dir/src/ros_compressed_streamer.cpp.o
[16.568s] [ 36%] Building CXX object CMakeFiles/web_video_server.dir/src/jpeg_streamers.cpp.o
[16.577s] [ 54%] Building CXX object CMakeFiles/web_video_server.dir/src/image_streamer.cpp.o
[16.578s] [ 54%] Building CXX object CMakeFiles/web_video_server.dir/src/web_video_server.cpp.o
[16.588s] [ 72%] Building CXX object CMakeFiles/web_video_server.dir/src/h264_streamer.cpp.o
[16.588s] [ 81%] Building CXX object CMakeFiles/web_video_server.dir/src/multipart_stream.cpp.o
[16.589s] [ 81%] Building CXX object CMakeFiles/web_video_server.dir/src/libav_streamer.cpp.o
[16.598s] [ 90%] Building CXX object CMakeFiles/web_video_server.dir/src/png_streamers.cpp.o
[56.677s] /ros_ws/src/ros_compressed_streamer.cpp: In member function ‘virtual void web_video_server::RosCompressedStreamer::restreamFrame(double)’:
[56.679s] /ros_ws/src/ros_compressed_streamer.cpp:30:45: warning: ‘rclcpp::Duration::Duration(rcl_duration_value_t)’ is deprecated: Use Duration::from_nanoseconds instead or std::chrono_literals. For example:rclcpp::Duration::from_nanoseconds(int64_variable);rclcpp::Duration(0ns); [-Wdeprecated-declarations]
[56.680s]    30 |   if ( last_frame + rclcpp::Duration(max_age) < nh_->now() ) {
[56.680s]       |                                             ^
[56.681s] In file included from /opt/ros/galactic/include/rclcpp/qos.hpp:20,
[56.682s]                  from /opt/ros/galactic/include/rclcpp/node_interfaces/node_graph_interface.hpp:31,
[56.682s]                  from /opt/ros/galactic/include/rclcpp/client.hpp:34,
[56.682s]                  from /opt/ros/galactic/include/rclcpp/callback_group.hpp:23,
[56.683s]                  from /opt/ros/galactic/include/rclcpp/any_executable.hpp:20,
[56.683s]                  from /opt/ros/galactic/include/rclcpp/memory_strategy.hpp:25,
[56.684s]                  from /opt/ros/galactic/include/rclcpp/memory_strategies.hpp:18,
[56.684s]                  from /opt/ros/galactic/include/rclcpp/executor_options.hpp:20,
[56.685s]                  from /opt/ros/galactic/include/rclcpp/executor.hpp:36,
[56.685s]                  from /opt/ros/galactic/include/rclcpp/executors/multi_threaded_executor.hpp:26,
[56.685s]                  from /opt/ros/galactic/include/rclcpp/executors.hpp:21,
[56.686s]                  from /opt/ros/galactic/include/rclcpp/rclcpp.hpp:156,
[56.687s]                  from /ros_ws/include/web_video_server/image_streamer.h:4,
[56.687s]                  from /ros_ws/include/web_video_server/ros_compressed_streamer.h:5,
[56.688s]                  from /ros_ws/src/ros_compressed_streamer.cpp:1:
[56.688s] /opt/ros/galactic/include/rclcpp/duration.hpp:46:12: note: declared here
[56.689s]    46 |   explicit Duration(rcl_duration_value_t nanoseconds);
[56.689s]       |            ^~~~~~~~
[57.493s] /ros_ws/src/image_streamer.cpp: In member function ‘virtual void web_video_server::ImageTransportImageStreamer::restreamFrame(double)’:
[57.495s] /ros_ws/src/image_streamer.cpp:61:47: warning: ‘rclcpp::Duration::Duration(rcl_duration_value_t)’ is deprecated: Use Duration::from_nanoseconds instead or std::chrono_literals. For example:rclcpp::Duration::from_nanoseconds(int64_variable);rclcpp::Duration(0ns); [-Wdeprecated-declarations]
[57.496s]    61 |     if ( last_frame + rclcpp::Duration(max_age) < nh_->now() ) {
[57.497s]       |                                               ^
[57.497s] In file included from /opt/ros/galactic/include/rclcpp/qos.hpp:20,
[57.498s]                  from /opt/ros/galactic/include/rclcpp/node_interfaces/node_graph_interface.hpp:31,
[57.499s]                  from /opt/ros/galactic/include/rclcpp/client.hpp:34,
[57.500s]                  from /opt/ros/galactic/include/rclcpp/callback_group.hpp:23,
[57.501s]                  from /opt/ros/galactic/include/rclcpp/any_executable.hpp:20,
[57.501s]                  from /opt/ros/galactic/include/rclcpp/memory_strategy.hpp:25,
[57.502s]                  from /opt/ros/galactic/include/rclcpp/memory_strategies.hpp:18,
[57.503s]                  from /opt/ros/galactic/include/rclcpp/executor_options.hpp:20,
[57.504s]                  from /opt/ros/galactic/include/rclcpp/executor.hpp:36,
[57.505s]                  from /opt/ros/galactic/include/rclcpp/executors/multi_threaded_executor.hpp:26,
[57.505s]                  from /opt/ros/galactic/include/rclcpp/executors.hpp:21,
[57.506s]                  from /opt/ros/galactic/include/rclcpp/rclcpp.hpp:156,
[57.507s]                  from /ros_ws/include/web_video_server/image_streamer.h:4,
[57.508s]                  from /ros_ws/src/image_streamer.cpp:1:
[57.509s] /opt/ros/galactic/include/rclcpp/duration.hpp:46:12: note: declared here
[57.509s]    46 |   explicit Duration(rcl_duration_value_t nanoseconds);
[57.510s]       |            ^~~~~~~~
[60.007s] /ros_ws/src/libav_streamer.cpp: In constructor ‘web_video_server::LibavStreamer::LibavStreamer(const async_web_server_cpp::HttpRequest&, async_web_server_cpp::HttpConnectionPtr, rclcpp::Node::SharedPtr, const string&, const string&, const string&)’:
[60.008s] /ros_ws/src/libav_streamer.cpp:65:55: warning: ‘int av_lockmgr_register(int (*)(void**, AVLockOp))’ is deprecated [-Wdeprecated-declarations]
[60.010s]    65 |   av_lockmgr_register(&ffmpeg_boost_mutex_lock_manager);
[60.014s]       |                                                       ^
[60.015s] In file included from /ros_ws/include/web_video_server/libav_streamer.h:11,
[60.016s]                  from /ros_ws/src/libav_streamer.cpp:1:
[60.017s] /usr/include/aarch64-linux-gnu/libavcodec/avcodec.h:6163:5: note: declared here
[60.018s]  6163 | int av_lockmgr_register(int (*cb)(void **mutex, enum AVLockOp op));
[60.019s]       |     ^~~~~~~~~~~~~~~~~~~
[60.019s] /ros_ws/src/libav_streamer.cpp:65:55: warning: ‘int av_lockmgr_register(int (*)(void**, AVLockOp))’ is deprecated [-Wdeprecated-declarations]
[60.020s]    65 |   av_lockmgr_register(&ffmpeg_boost_mutex_lock_manager);
[60.021s]       |                                                       ^
[60.022s] In file included from /ros_ws/include/web_video_server/libav_streamer.h:11,
[60.022s]                  from /ros_ws/src/libav_streamer.cpp:1:
[60.023s] /usr/include/aarch64-linux-gnu/libavcodec/avcodec.h:6163:5: note: declared here
[60.024s]  6163 | int av_lockmgr_register(int (*cb)(void **mutex, enum AVLockOp op));
[60.025s]       |     ^~~~~~~~~~~~~~~~~~~
[60.025s] /ros_ws/src/libav_streamer.cpp:66:19: warning: ‘void av_register_all()’ is deprecated [-Wdeprecated-declarations]
[60.026s]    66 |   av_register_all();
[60.041s]       |                   ^
[60.042s] In file included from /ros_ws/include/web_video_server/libav_streamer.h:12,
[60.043s]                  from /ros_ws/src/libav_streamer.cpp:1:
[60.044s] /usr/include/aarch64-linux-gnu/libavformat/avformat.h:2050:6: note: declared here
[60.045s]  2050 | void av_register_all(void);
[60.046s]       |      ^~~~~~~~~~~~~~~
[60.046s] /ros_ws/src/libav_streamer.cpp:66:19: warning: ‘void av_register_all()’ is deprecated [-Wdeprecated-declarations]
[60.047s]    66 |   av_register_all();
[60.048s]       |                   ^
[60.048s] In file included from /ros_ws/include/web_video_server/libav_streamer.h:12,
[60.049s]                  from /ros_ws/src/libav_streamer.cpp:1:
[60.050s] /usr/include/aarch64-linux-gnu/libavformat/avformat.h:2050:6: note: declared here
[60.051s]  2050 | void av_register_all(void);
[60.051s]       |      ^~~~~~~~~~~~~~~
[60.052s] /ros_ws/src/libav_streamer.cpp: In member function ‘virtual void web_video_server::LibavStreamer::initialize(const cv::Mat&)’:
[60.053s] /ros_ws/src/libav_streamer.cpp:160:35: warning: ‘AVStream::codec’ is deprecated [-Wdeprecated-declarations]
[60.053s]   160 |   codec_context_ = video_stream_->codec;
[60.054s]       |                                   ^~~~~
[60.055s] In file included from /ros_ws/include/web_video_server/libav_streamer.h:12,
[60.056s]                  from /ros_ws/src/libav_streamer.cpp:1:
[60.056s] /usr/include/aarch64-linux-gnu/libavformat/avformat.h:885:21: note: declared here
[60.057s]   885 |     AVCodecContext *codec;
[60.058s]       |                     ^~~~~
[60.058s] /ros_ws/src/libav_streamer.cpp:160:35: warning: ‘AVStream::codec’ is deprecated [-Wdeprecated-declarations]
[60.059s]   160 |   codec_context_ = video_stream_->codec;
[60.060s]       |                                   ^~~~~
[60.061s] In file included from /ros_ws/include/web_video_server/libav_streamer.h:12,
[60.061s]                  from /ros_ws/src/libav_streamer.cpp:1:
[60.062s] /usr/include/aarch64-linux-gnu/libavformat/avformat.h:885:21: note: declared here
[60.063s]   885 |     AVCodecContext *codec;
[60.063s]       |                     ^~~~~
[60.064s] /ros_ws/src/libav_streamer.cpp:160:35: warning: ‘AVStream::codec’ is deprecated [-Wdeprecated-declarations]
[60.065s]   160 |   codec_context_ = video_stream_->codec;
[60.066s]       |                                   ^~~~~
[60.066s] In file included from /ros_ws/include/web_video_server/libav_streamer.h:12,
[60.067s]                  from /ros_ws/src/libav_streamer.cpp:1:
[60.068s] /usr/include/aarch64-linux-gnu/libavformat/avformat.h:885:21: note: declared here
[60.069s]   885 |     AVCodecContext *codec;
[60.069s]       |                     ^~~~~
[96.682s] [100%] Linking CXX executable web_video_server
[100.047s] [100%] Built target web_video_server
[100.126s] Invoked command in '/ros_ws/build_aarch64/web_video_server' returned '0': CMAKE_PREFIX_PATH=/opt/ros/galactic /usr/bin/cmake --build /ros_ws/build_aarch64/web_video_server -- -j16 -l16
[101.228s] Invoking command in '/ros_ws/build_aarch64/web_video_server': CMAKE_PREFIX_PATH=/opt/ros/galactic /usr/bin/cmake --install /ros_ws/build_aarch64/web_video_server
[101.314s] -- Install configuration: ""
[101.318s] -- Installing: /ros_ws/install_aarch64/web_video_server/lib/web_video_server/web_video_server
[101.326s] -- Set runtime path of "/ros_ws/install_aarch64/web_video_server/lib/web_video_server/web_video_server" to ""
[101.327s] -- Installing: /ros_ws/install_aarch64/web_video_server/include/web_video_server
[101.329s] -- Installing: /ros_ws/install_aarch64/web_video_server/include/web_video_server/image_streamer.h
[101.330s] -- Installing: /ros_ws/install_aarch64/web_video_server/include/web_video_server/multipart_stream.h
[101.330s] -- Installing: /ros_ws/install_aarch64/web_video_server/include/web_video_server/png_streamers.h
[101.331s] -- Installing: /ros_ws/install_aarch64/web_video_server/include/web_video_server/ros_compressed_streamer.h
[101.331s] -- Installing: /ros_ws/install_aarch64/web_video_server/include/web_video_server/h264_streamer.h
[101.332s] -- Installing: /ros_ws/install_aarch64/web_video_server/include/web_video_server/web_video_server.h
[101.332s] -- Installing: /ros_ws/install_aarch64/web_video_server/include/web_video_server/vp9_streamer.h
[101.333s] -- Installing: /ros_ws/install_aarch64/web_video_server/include/web_video_server/jpeg_streamers.h
[101.334s] -- Installing: /ros_ws/install_aarch64/web_video_server/include/web_video_server/vp8_streamer.h
[101.334s] -- Installing: /ros_ws/install_aarch64/web_video_server/include/web_video_server/libav_streamer.h
[101.335s] -- Installing: /ros_ws/install_aarch64/web_video_server/share/ament_index/resource_index/package_run_dependencies/web_video_server
[101.335s] -- Installing: /ros_ws/install_aarch64/web_video_server/share/ament_index/resource_index/parent_prefix_path/web_video_server
[101.336s] -- Installing: /ros_ws/install_aarch64/web_video_server/share/web_video_server/environment/ament_prefix_path.sh
[101.337s] -- Installing: /ros_ws/install_aarch64/web_video_server/share/web_video_server/environment/ament_prefix_path.dsv
[101.337s] -- Installing: /ros_ws/install_aarch64/web_video_server/share/web_video_server/environment/path.sh
[101.337s] -- Installing: /ros_ws/install_aarch64/web_video_server/share/web_video_server/environment/path.dsv
[101.337s] -- Installing: /ros_ws/install_aarch64/web_video_server/share/web_video_server/local_setup.bash
[101.338s] -- Installing: /ros_ws/install_aarch64/web_video_server/share/web_video_server/local_setup.sh
[101.338s] -- Installing: /ros_ws/install_aarch64/web_video_server/share/web_video_server/local_setup.zsh
[101.338s] -- Installing: /ros_ws/install_aarch64/web_video_server/share/web_video_server/local_setup.dsv
[101.339s] -- Installing: /ros_ws/install_aarch64/web_video_server/share/web_video_server/package.dsv
[101.339s] -- Installing: /ros_ws/install_aarch64/web_video_server/share/ament_index/resource_index/packages/web_video_server
[101.339s] -- Installing: /ros_ws/install_aarch64/web_video_server/share/web_video_server/cmake/web_video_serverConfig.cmake
[101.339s] -- Installing: /ros_ws/install_aarch64/web_video_server/share/web_video_server/cmake/web_video_serverConfig-version.cmake
[101.340s] -- Installing: /ros_ws/install_aarch64/web_video_server/share/web_video_server/package.xml
[101.352s] Invoked command in '/ros_ws/build_aarch64/web_video_server' returned '0': CMAKE_PREFIX_PATH=/opt/ros/galactic /usr/bin/cmake --install /ros_ws/build_aarch64/web_video_server
