[0.016s] Invoking command in '/home/timwilliamson/dev/personal/Robotics/web_video_server/build/web_video_server': CMAKE_PREFIX_PATH=/opt/ros/galactic /usr/bin/cmake /home/timwilliamson/dev/personal/Robotics/web_video_server -DCMAKE_INSTALL_PREFIX=/home/timwilliamson/dev/personal/Robotics/web_video_server/install/web_video_server
[0.033s] -- Found ament_cmake_ros: 0.9.2 (/opt/ros/galactic/share/ament_cmake_ros/cmake)
[0.055s] -- Using PYTHON_EXECUTABLE: /usr/bin/python3
[0.103s] -- Found async_web_server_cpp: 2.0.0 (/opt/ros/galactic/share/async_web_server_cpp/cmake)
[0.407s] -- Found Boost: /usr/lib/x86_64-linux-gnu/cmake/Boost-1.71.0/BoostConfig.cmake (found suitable version "1.71.0", minimum required is "1.71.0") found components: filesystem regex thread 
[0.412s] -- Found cv_bridge: 2.2.1 (/opt/ros/galactic/share/cv_bridge/cmake)
[0.429s] -- Found image_transport: 2.3.1 (/opt/ros/galactic/share/image_transport/cmake)
[0.489s] -- Using all available rosidl_typesupport_c: rosidl_typesupport_fastrtps_c;rosidl_typesupport_introspection_c
[0.495s] -- Found rosidl_adapter: 2.2.2 (/opt/ros/galactic/share/rosidl_adapter/cmake)
[0.568s] -- Found OpenSSL: /usr/lib/x86_64-linux-gnu/libcrypto.so (found version "1.1.1f")  
[0.589s] -- Found FastRTPS: /opt/ros/galactic/include  
[0.662s] -- Using all available rosidl_typesupport_cpp: rosidl_typesupport_fastrtps_cpp;rosidl_typesupport_introspection_cpp
[0.727s] -- Found rmw_implementation_cmake: 3.3.1 (/opt/ros/galactic/share/rmw_implementation_cmake/cmake)
[0.731s] -- Found rmw_cyclonedds_cpp: 0.22.5 (/opt/ros/galactic/share/rmw_cyclonedds_cpp/cmake)
[0.758s] -- Using RMW implementation 'rmw_cyclonedds_cpp' as default
[0.760s] -- Found Threads: TRUE  
[1.045s] -- Found OpenCV: /usr (found version "4.2.0") 
[1.048s] -- Found Boost: /usr/lib/x86_64-linux-gnu/cmake/Boost-1.71.0/BoostConfig.cmake (found version "1.71.0") found components: thread 
[1.052s] -- Found PkgConfig: /usr/bin/pkg-config (found version "0.29.1") 
[1.052s] -- Checking for module 'libavcodec'
[1.065s] --   Found libavcodec, version 58.54.100
[1.094s] -- Checking for module 'libavformat'
[1.108s] --   Found libavformat, version 58.29.100
[1.141s] -- Checking for module 'libavutil'
[1.152s] --   Found libavutil, version 56.31.100
[1.181s] -- Checking for module 'libswscale'
[1.192s] --   Found libswscale, version 5.5.100
[1.302s] -- Configuring done
[1.340s] -- Generating done
[1.342s] -- Build files have been written to: /home/timwilliamson/dev/personal/Robotics/web_video_server/build/web_video_server
[1.349s] Invoked command in '/home/timwilliamson/dev/personal/Robotics/web_video_server/build/web_video_server' returned '0': CMAKE_PREFIX_PATH=/opt/ros/galactic /usr/bin/cmake /home/timwilliamson/dev/personal/Robotics/web_video_server -DCMAKE_INSTALL_PREFIX=/home/timwilliamson/dev/personal/Robotics/web_video_server/install/web_video_server
[1.351s] Invoking command in '/home/timwilliamson/dev/personal/Robotics/web_video_server/build/web_video_server': CMAKE_PREFIX_PATH=/opt/ros/galactic /usr/bin/cmake --build /home/timwilliamson/dev/personal/Robotics/web_video_server/build/web_video_server -- -j16 -l16
[1.391s] [35m[1mScanning dependencies of target web_video_server[0m
[1.679s] [ 18%] [32mBuilding CXX object CMakeFiles/web_video_server.dir/src/web_video_server.cpp.o[0m
[1.679s] [ 18%] [32mBuilding CXX object CMakeFiles/web_video_server.dir/src/image_streamer.cpp.o[0m
[1.679s] [ 27%] [32mBuilding CXX object CMakeFiles/web_video_server.dir/src/libav_streamer.cpp.o[0m
[1.681s] [ 36%] [32mBuilding CXX object CMakeFiles/web_video_server.dir/src/vp8_streamer.cpp.o[0m
[1.682s] [ 45%] [32mBuilding CXX object CMakeFiles/web_video_server.dir/src/h264_streamer.cpp.o[0m
[1.683s] [ 72%] [32mBuilding CXX object CMakeFiles/web_video_server.dir/src/vp9_streamer.cpp.o[0m
[1.684s] [ 81%] [32mBuilding CXX object CMakeFiles/web_video_server.dir/src/jpeg_streamers.cpp.o[0m
[1.684s] [ 81%] [32mBuilding CXX object CMakeFiles/web_video_server.dir/src/png_streamers.cpp.o[0m
[1.684s] [ 90%] [32mBuilding CXX object CMakeFiles/web_video_server.dir/src/multipart_stream.cpp.o[0m
[1.684s] [ 90%] [32mBuilding CXX object CMakeFiles/web_video_server.dir/src/ros_compressed_streamer.cpp.o[0m
[2233.052s] [01m[K/home/timwilliamson/dev/personal/Robotics/web_video_server/src/libav_streamer.cpp:[m[K In constructor ‘[01m[Kweb_video_server::LibavStreamer::LibavStreamer(const async_web_server_cpp::HttpRequest&, async_web_server_cpp::HttpConnectionPtr, rclcpp::Node::SharedPtr, const string&, const string&, const string&)[m[K’:
[2233.052s] [01m[K/home/timwilliamson/dev/personal/Robotics/web_video_server/src/libav_streamer.cpp:65:55:[m[K [01;35m[Kwarning: [m[K‘[01m[Kint av_lockmgr_register(int (*)(void**, AVLockOp))[m[K’ is deprecated [[01;35m[K-Wdeprecated-declarations[m[K]
[2233.052s]    65 |   av_lockmgr_register(&ffmpeg_boost_mutex_lock_manager[01;35m[K)[m[K;
[2233.052s]       |                                                       [01;35m[K^[m[K
[2233.054s] In file included from [01m[K/home/timwilliamson/dev/personal/Robotics/web_video_server/include/web_video_server/libav_streamer.h:11[m[K,
[2233.054s]                  from [01m[K/home/timwilliamson/dev/personal/Robotics/web_video_server/src/libav_streamer.cpp:1[m[K:
[2233.054s] [01m[K/usr/include/x86_64-linux-gnu/libavcodec/avcodec.h:6163:5:[m[K [01;36m[Knote: [m[Kdeclared here
[2233.054s]  6163 | int [01;36m[Kav_lockmgr_register[m[K(int (*cb)(void **mutex, enum AVLockOp op));
[2233.054s]       |     [01;36m[K^~~~~~~~~~~~~~~~~~~[m[K
[2233.054s] [01m[K/home/timwilliamson/dev/personal/Robotics/web_video_server/src/libav_streamer.cpp:65:55:[m[K [01;35m[Kwarning: [m[K‘[01m[Kint av_lockmgr_register(int (*)(void**, AVLockOp))[m[K’ is deprecated [[01;35m[K-Wdeprecated-declarations[m[K]
[2233.054s]    65 |   av_lockmgr_register(&ffmpeg_boost_mutex_lock_manager[01;35m[K)[m[K;
[2233.055s]       |                                                       [01;35m[K^[m[K
[2233.055s] In file included from [01m[K/home/timwilliamson/dev/personal/Robotics/web_video_server/include/web_video_server/libav_streamer.h:11[m[K,
[2233.055s]                  from [01m[K/home/timwilliamson/dev/personal/Robotics/web_video_server/src/libav_streamer.cpp:1[m[K:
[2233.055s] [01m[K/usr/include/x86_64-linux-gnu/libavcodec/avcodec.h:6163:5:[m[K [01;36m[Knote: [m[Kdeclared here
[2233.055s]  6163 | int [01;36m[Kav_lockmgr_register[m[K(int (*cb)(void **mutex, enum AVLockOp op));
[2233.055s]       |     [01;36m[K^~~~~~~~~~~~~~~~~~~[m[K
[2233.055s] [01m[K/home/timwilliamson/dev/personal/Robotics/web_video_server/src/libav_streamer.cpp:66:19:[m[K [01;35m[Kwarning: [m[K‘[01m[Kvoid av_register_all()[m[K’ is deprecated [[01;35m[K-Wdeprecated-declarations[m[K]
[2233.055s]    66 |   av_register_all([01;35m[K)[m[K;
[2233.055s]       |                   [01;35m[K^[m[K
[2233.056s] In file included from [01m[K/home/timwilliamson/dev/personal/Robotics/web_video_server/include/web_video_server/libav_streamer.h:12[m[K,
[2233.056s]                  from [01m[K/home/timwilliamson/dev/personal/Robotics/web_video_server/src/libav_streamer.cpp:1[m[K:
[2233.056s] [01m[K/usr/include/x86_64-linux-gnu/libavformat/avformat.h:2050:6:[m[K [01;36m[Knote: [m[Kdeclared here
[2233.056s]  2050 | void [01;36m[Kav_register_all[m[K(void);
[2233.057s]       |      [01;36m[K^~~~~~~~~~~~~~~[m[K
[2233.057s] [01m[K/home/timwilliamson/dev/personal/Robotics/web_video_server/src/libav_streamer.cpp:66:19:[m[K [01;35m[Kwarning: [m[K‘[01m[Kvoid av_register_all()[m[K’ is deprecated [[01;35m[K-Wdeprecated-declarations[m[K]
[2233.057s]    66 |   av_register_all([01;35m[K)[m[K;
[2233.057s]       |                   [01;35m[K^[m[K
[2233.057s] In file included from [01m[K/home/timwilliamson/dev/personal/Robotics/web_video_server/include/web_video_server/libav_streamer.h:12[m[K,
[2233.057s]                  from [01m[K/home/timwilliamson/dev/personal/Robotics/web_video_server/src/libav_streamer.cpp:1[m[K:
[2233.057s] [01m[K/usr/include/x86_64-linux-gnu/libavformat/avformat.h:2050:6:[m[K [01;36m[Knote: [m[Kdeclared here
[2233.057s]  2050 | void [01;36m[Kav_register_all[m[K(void);
[2233.057s]       |      [01;36m[K^~~~~~~~~~~~~~~[m[K
[2233.060s] [01m[K/home/timwilliamson/dev/personal/Robotics/web_video_server/src/libav_streamer.cpp:[m[K In member function ‘[01m[Kvirtual void web_video_server::LibavStreamer::initialize(const cv::Mat&)[m[K’:
[2233.060s] [01m[K/home/timwilliamson/dev/personal/Robotics/web_video_server/src/libav_streamer.cpp:160:35:[m[K [01;35m[Kwarning: [m[K‘[01m[KAVStream::codec[m[K’ is deprecated [[01;35m[K-Wdeprecated-declarations[m[K]
[2233.061s]   160 |   codec_context_ = video_stream_->[01;35m[Kcodec[m[K;
[2233.061s]       |                                   [01;35m[K^~~~~[m[K
[2233.061s] In file included from [01m[K/home/timwilliamson/dev/personal/Robotics/web_video_server/include/web_video_server/libav_streamer.h:12[m[K,
[2233.061s]                  from [01m[K/home/timwilliamson/dev/personal/Robotics/web_video_server/src/libav_streamer.cpp:1[m[K:
[2233.061s] [01m[K/usr/include/x86_64-linux-gnu/libavformat/avformat.h:885:21:[m[K [01;36m[Knote: [m[Kdeclared here
[2233.061s]   885 |     AVCodecContext *[01;36m[Kcodec[m[K;
[2233.061s]       |                     [01;36m[K^~~~~[m[K
[2233.061s] [01m[K/home/timwilliamson/dev/personal/Robotics/web_video_server/src/libav_streamer.cpp:160:35:[m[K [01;35m[Kwarning: [m[K‘[01m[KAVStream::codec[m[K’ is deprecated [[01;35m[K-Wdeprecated-declarations[m[K]
[2233.061s]   160 |   codec_context_ = video_stream_->[01;35m[Kcodec[m[K;
[2233.062s]       |                                   [01;35m[K^~~~~[m[K
[2233.062s] In file included from [01m[K/home/timwilliamson/dev/personal/Robotics/web_video_server/include/web_video_server/libav_streamer.h:12[m[K,
[2233.062s]                  from [01m[K/home/timwilliamson/dev/personal/Robotics/web_video_server/src/libav_streamer.cpp:1[m[K:
[2233.062s] [01m[K/usr/include/x86_64-linux-gnu/libavformat/avformat.h:885:21:[m[K [01;36m[Knote: [m[Kdeclared here
[2233.062s]   885 |     AVCodecContext *[01;36m[Kcodec[m[K;
[2233.062s]       |                     [01;36m[K^~~~~[m[K
[2233.062s] [01m[K/home/timwilliamson/dev/personal/Robotics/web_video_server/src/libav_streamer.cpp:160:35:[m[K [01;35m[Kwarning: [m[K‘[01m[KAVStream::codec[m[K’ is deprecated [[01;35m[K-Wdeprecated-declarations[m[K]
[2233.062s]   160 |   codec_context_ = video_stream_->[01;35m[Kcodec[m[K;
[2233.062s]       |                                   [01;35m[K^~~~~[m[K
[2233.062s] In file included from [01m[K/home/timwilliamson/dev/personal/Robotics/web_video_server/include/web_video_server/libav_streamer.h:12[m[K,
[2233.062s]                  from [01m[K/home/timwilliamson/dev/personal/Robotics/web_video_server/src/libav_streamer.cpp:1[m[K:
[2233.063s] [01m[K/usr/include/x86_64-linux-gnu/libavformat/avformat.h:885:21:[m[K [01;36m[Knote: [m[Kdeclared here
[2233.063s]   885 |     AVCodecContext *[01;36m[Kcodec[m[K;
[2233.063s]       |                     [01;36m[K^~~~~[m[K
[2233.108s] [01m[K/home/timwilliamson/dev/personal/Robotics/web_video_server/src/ros_compressed_streamer.cpp:[m[K In member function ‘[01m[Kvirtual void web_video_server::RosCompressedStreamer::restreamFrame(double)[m[K’:
[2233.109s] [01m[K/home/timwilliamson/dev/personal/Robotics/web_video_server/src/ros_compressed_streamer.cpp:30:45:[m[K [01;35m[Kwarning: [m[K‘[01m[Krclcpp::Duration::Duration(rcl_duration_value_t)[m[K’ is deprecated: Use Duration::from_nanoseconds instead or std::chrono_literals. For example:rclcpp::Duration::from_nanoseconds(int64_variable);rclcpp::Duration(0ns); [[01;35m[K-Wdeprecated-declarations[m[K]
[2233.109s]    30 |   if ( last_frame + rclcpp::Duration(max_age[01;35m[K)[m[K < nh_->now() ) {
[2233.109s]       |                                             [01;35m[K^[m[K
[2233.110s] In file included from [01m[K/opt/ros/galactic/include/rclcpp/qos.hpp:20[m[K,
[2233.110s]                  from [01m[K/opt/ros/galactic/include/rclcpp/node_interfaces/node_graph_interface.hpp:31[m[K,
[2233.110s]                  from [01m[K/opt/ros/galactic/include/rclcpp/client.hpp:34[m[K,
[2233.110s]                  from [01m[K/opt/ros/galactic/include/rclcpp/callback_group.hpp:23[m[K,
[2233.110s]                  from [01m[K/opt/ros/galactic/include/rclcpp/any_executable.hpp:20[m[K,
[2233.110s]                  from [01m[K/opt/ros/galactic/include/rclcpp/memory_strategy.hpp:25[m[K,
[2233.110s]                  from [01m[K/opt/ros/galactic/include/rclcpp/memory_strategies.hpp:18[m[K,
[2233.110s]                  from [01m[K/opt/ros/galactic/include/rclcpp/executor_options.hpp:20[m[K,
[2233.110s]                  from [01m[K/opt/ros/galactic/include/rclcpp/executor.hpp:36[m[K,
[2233.111s]                  from [01m[K/opt/ros/galactic/include/rclcpp/executors/multi_threaded_executor.hpp:26[m[K,
[2233.111s]                  from [01m[K/opt/ros/galactic/include/rclcpp/executors.hpp:21[m[K,
[2233.111s]                  from [01m[K/opt/ros/galactic/include/rclcpp/rclcpp.hpp:156[m[K,
[2233.111s]                  from [01m[K/home/timwilliamson/dev/personal/Robotics/web_video_server/include/web_video_server/image_streamer.h:4[m[K,
[2233.111s]                  from [01m[K/home/timwilliamson/dev/personal/Robotics/web_video_server/include/web_video_server/ros_compressed_streamer.h:5[m[K,
[2233.111s]                  from [01m[K/home/timwilliamson/dev/personal/Robotics/web_video_server/src/ros_compressed_streamer.cpp:1[m[K:
[2233.111s] [01m[K/opt/ros/galactic/include/rclcpp/duration.hpp:46:12:[m[K [01;36m[Knote: [m[Kdeclared here
[2233.111s]    46 |   explicit [01;36m[KDuration[m[K(rcl_duration_value_t nanoseconds);
[2233.111s]       |            [01;36m[K^~~~~~~~[m[K
[2233.549s] [01m[K/home/timwilliamson/dev/personal/Robotics/web_video_server/src/image_streamer.cpp:[m[K In member function ‘[01m[Kvirtual void web_video_server::ImageTransportImageStreamer::restreamFrame(double)[m[K’:
[2233.549s] [01m[K/home/timwilliamson/dev/personal/Robotics/web_video_server/src/image_streamer.cpp:61:47:[m[K [01;35m[Kwarning: [m[K‘[01m[Krclcpp::Duration::Duration(rcl_duration_value_t)[m[K’ is deprecated: Use Duration::from_nanoseconds instead or std::chrono_literals. For example:rclcpp::Duration::from_nanoseconds(int64_variable);rclcpp::Duration(0ns); [[01;35m[K-Wdeprecated-declarations[m[K]
[2233.549s]    61 |     if ( last_frame + rclcpp::Duration(max_age[01;35m[K)[m[K < nh_->now() ) {
[2233.549s]       |                                               [01;35m[K^[m[K
[2233.554s] In file included from [01m[K/opt/ros/galactic/include/rclcpp/qos.hpp:20[m[K,
[2233.554s]                  from [01m[K/opt/ros/galactic/include/rclcpp/node_interfaces/node_graph_interface.hpp:31[m[K,
[2233.554s]                  from [01m[K/opt/ros/galactic/include/rclcpp/client.hpp:34[m[K,
[2233.554s]                  from [01m[K/opt/ros/galactic/include/rclcpp/callback_group.hpp:23[m[K,
[2233.554s]                  from [01m[K/opt/ros/galactic/include/rclcpp/any_executable.hpp:20[m[K,
[2233.554s]                  from [01m[K/opt/ros/galactic/include/rclcpp/memory_strategy.hpp:25[m[K,
[2233.554s]                  from [01m[K/opt/ros/galactic/include/rclcpp/memory_strategies.hpp:18[m[K,
[2233.554s]                  from [01m[K/opt/ros/galactic/include/rclcpp/executor_options.hpp:20[m[K,
[2233.554s]                  from [01m[K/opt/ros/galactic/include/rclcpp/executor.hpp:36[m[K,
[2233.554s]                  from [01m[K/opt/ros/galactic/include/rclcpp/executors/multi_threaded_executor.hpp:26[m[K,
[2233.555s]                  from [01m[K/opt/ros/galactic/include/rclcpp/executors.hpp:21[m[K,
[2233.555s]                  from [01m[K/opt/ros/galactic/include/rclcpp/rclcpp.hpp:156[m[K,
[2233.555s]                  from [01m[K/home/timwilliamson/dev/personal/Robotics/web_video_server/include/web_video_server/image_streamer.h:4[m[K,
[2233.555s]                  from [01m[K/home/timwilliamson/dev/personal/Robotics/web_video_server/src/image_streamer.cpp:1[m[K:
[2233.555s] [01m[K/opt/ros/galactic/include/rclcpp/duration.hpp:46:12:[m[K [01;36m[Knote: [m[Kdeclared here
[2233.555s]    46 |   explicit [01;36m[KDuration[m[K(rcl_duration_value_t nanoseconds);
[2233.555s]       |            [01;36m[K^~~~~~~~[m[K
[2238.266s] [100%] [32m[1mLinking CXX executable web_video_server[0m
[2239.077s] [100%] Built target web_video_server
[2239.091s] Invoked command in '/home/timwilliamson/dev/personal/Robotics/web_video_server/build/web_video_server' returned '0': CMAKE_PREFIX_PATH=/opt/ros/galactic /usr/bin/cmake --build /home/timwilliamson/dev/personal/Robotics/web_video_server/build/web_video_server -- -j16 -l16
[2239.149s] Invoking command in '/home/timwilliamson/dev/personal/Robotics/web_video_server/build/web_video_server': CMAKE_PREFIX_PATH=/opt/ros/galactic /usr/bin/cmake --install /home/timwilliamson/dev/personal/Robotics/web_video_server/build/web_video_server
[2239.159s] -- Install configuration: ""
[2239.159s] -- Installing: /home/timwilliamson/dev/personal/Robotics/web_video_server/install/web_video_server/lib/web_video_server/web_video_server
[2239.178s] -- Set runtime path of "/home/timwilliamson/dev/personal/Robotics/web_video_server/install/web_video_server/lib/web_video_server/web_video_server" to ""
[2239.178s] -- Installing: /home/timwilliamson/dev/personal/Robotics/web_video_server/install/web_video_server/include/web_video_server
[2239.178s] -- Installing: /home/timwilliamson/dev/personal/Robotics/web_video_server/install/web_video_server/include/web_video_server/image_streamer.h
[2239.178s] -- Installing: /home/timwilliamson/dev/personal/Robotics/web_video_server/install/web_video_server/include/web_video_server/multipart_stream.h
[2239.179s] -- Installing: /home/timwilliamson/dev/personal/Robotics/web_video_server/install/web_video_server/include/web_video_server/png_streamers.h
[2239.179s] -- Installing: /home/timwilliamson/dev/personal/Robotics/web_video_server/install/web_video_server/include/web_video_server/ros_compressed_streamer.h
[2239.180s] -- Installing: /home/timwilliamson/dev/personal/Robotics/web_video_server/install/web_video_server/include/web_video_server/h264_streamer.h
[2239.180s] -- Installing: /home/timwilliamson/dev/personal/Robotics/web_video_server/install/web_video_server/include/web_video_server/web_video_server.h
[2239.181s] -- Installing: /home/timwilliamson/dev/personal/Robotics/web_video_server/install/web_video_server/include/web_video_server/vp9_streamer.h
[2239.181s] -- Installing: /home/timwilliamson/dev/personal/Robotics/web_video_server/install/web_video_server/include/web_video_server/jpeg_streamers.h
[2239.181s] -- Installing: /home/timwilliamson/dev/personal/Robotics/web_video_server/install/web_video_server/include/web_video_server/vp8_streamer.h
[2239.182s] -- Installing: /home/timwilliamson/dev/personal/Robotics/web_video_server/install/web_video_server/include/web_video_server/libav_streamer.h
[2239.183s] -- Installing: /home/timwilliamson/dev/personal/Robotics/web_video_server/install/web_video_server/share/ament_index/resource_index/package_run_dependencies/web_video_server
[2239.183s] -- Installing: /home/timwilliamson/dev/personal/Robotics/web_video_server/install/web_video_server/share/ament_index/resource_index/parent_prefix_path/web_video_server
[2239.184s] -- Installing: /home/timwilliamson/dev/personal/Robotics/web_video_server/install/web_video_server/share/web_video_server/environment/ament_prefix_path.sh
[2239.185s] -- Installing: /home/timwilliamson/dev/personal/Robotics/web_video_server/install/web_video_server/share/web_video_server/environment/ament_prefix_path.dsv
[2239.186s] -- Installing: /home/timwilliamson/dev/personal/Robotics/web_video_server/install/web_video_server/share/web_video_server/environment/path.sh
[2239.186s] -- Installing: /home/timwilliamson/dev/personal/Robotics/web_video_server/install/web_video_server/share/web_video_server/environment/path.dsv
[2239.187s] -- Installing: /home/timwilliamson/dev/personal/Robotics/web_video_server/install/web_video_server/share/web_video_server/local_setup.bash
[2239.188s] -- Installing: /home/timwilliamson/dev/personal/Robotics/web_video_server/install/web_video_server/share/web_video_server/local_setup.sh
[2239.188s] -- Installing: /home/timwilliamson/dev/personal/Robotics/web_video_server/install/web_video_server/share/web_video_server/local_setup.zsh
[2239.189s] -- Installing: /home/timwilliamson/dev/personal/Robotics/web_video_server/install/web_video_server/share/web_video_server/local_setup.dsv
[2239.190s] -- Installing: /home/timwilliamson/dev/personal/Robotics/web_video_server/install/web_video_server/share/web_video_server/package.dsv
[2239.190s] -- Installing: /home/timwilliamson/dev/personal/Robotics/web_video_server/install/web_video_server/share/ament_index/resource_index/packages/web_video_server
[2239.191s] -- Installing: /home/timwilliamson/dev/personal/Robotics/web_video_server/install/web_video_server/share/web_video_server/cmake/web_video_serverConfig.cmake
[2239.191s] -- Installing: /home/timwilliamson/dev/personal/Robotics/web_video_server/install/web_video_server/share/web_video_server/cmake/web_video_serverConfig-version.cmake
[2239.192s] -- Installing: /home/timwilliamson/dev/personal/Robotics/web_video_server/install/web_video_server/share/web_video_server/package.xml
[2239.196s] Invoked command in '/home/timwilliamson/dev/personal/Robotics/web_video_server/build/web_video_server' returned '0': CMAKE_PREFIX_PATH=/opt/ros/galactic /usr/bin/cmake --install /home/timwilliamson/dev/personal/Robotics/web_video_server/build/web_video_server
