[0.132s] DEBUG:colcon:Command line arguments: ['/usr/bin/colcon', 'build', '--packages-select', 'web_video_server']
[0.132s] DEBUG:colcon:Parsed command line arguments: Namespace(allow_overriding=[], ament_cmake_args=None, base_paths=['.'], build_base='build', catkin_cmake_args=None, catkin_skip_building_tests=False, cmake_args=None, cmake_clean_cache=False, cmake_clean_first=False, cmake_force_configure=False, cmake_target=None, cmake_target_skip_unavailable=False, continue_on_error=False, event_handlers=None, executor='parallel', ignore_user_meta=False, install_base='install', log_base=None, log_level=None, main=<bound method BuildVerb.main of <colcon_core.verb.build.BuildVerb object at 0x7f7e90d5feb0>>, merge_install=False, metas=['./colcon.meta'], packages_above=None, packages_above_and_dependencies=None, packages_above_depth=None, packages_end=None, packages_ignore=None, packages_ignore_regex=None, packages_select=['web_video_server'], packages_select_build_failed=False, packages_select_by_dep=None, packages_select_regex=None, packages_select_test_failures=False, packages_skip=None, packages_skip_build_finished=False, packages_skip_by_dep=None, packages_skip_regex=None, packages_skip_test_passed=False, packages_skip_up_to=None, packages_start=None, packages_up_to=None, packages_up_to_regex=None, parallel_workers=16, paths=None, symlink_install=False, test_result_base=None, verb_extension=<colcon_core.verb.build.BuildVerb object at 0x7f7e90d5feb0>, verb_name='build', verb_parser=<colcon_defaults.argument_parser.defaults.DefaultArgumentsDecorator object at 0x7f7e90d69460>)
[0.157s] Level 1:colcon.colcon_core.package_discovery:discover_packages(colcon_meta) check parameters
[0.157s] Level 1:colcon.colcon_core.package_discovery:discover_packages(recursive) check parameters
[0.157s] Level 1:colcon.colcon_core.package_discovery:discover_packages(ignore) check parameters
[0.157s] Level 1:colcon.colcon_core.package_discovery:discover_packages(path) check parameters
[0.157s] Level 1:colcon.colcon_core.package_discovery:discover_packages(colcon_meta) discover
[0.157s] Level 1:colcon.colcon_core.package_discovery:discover_packages(recursive) discover
[0.157s] INFO:colcon.colcon_core.package_discovery:Crawling recursively for packages in '/home/timwilliamson/dev/personal/Robotics/web_video_server'
[0.157s] Level 1:colcon.colcon_core.package_identification:_identify(.) by extensions ['ignore', 'ignore_ament_install']
[0.157s] Level 1:colcon.colcon_core.package_identification:_identify(.) by extension 'ignore'
[0.157s] Level 1:colcon.colcon_core.package_identification:_identify(.) by extension 'ignore_ament_install'
[0.157s] Level 1:colcon.colcon_core.package_identification:_identify(.) by extensions ['colcon_pkg']
[0.157s] Level 1:colcon.colcon_core.package_identification:_identify(.) by extension 'colcon_pkg'
[0.157s] Level 1:colcon.colcon_core.package_identification:_identify(.) by extensions ['colcon_meta']
[0.157s] Level 1:colcon.colcon_core.package_identification:_identify(.) by extension 'colcon_meta'
[0.157s] Level 1:colcon.colcon_core.package_identification:_identify(.) by extensions ['ros']
[0.157s] Level 1:colcon.colcon_core.package_identification:_identify(.) by extension 'ros'
[0.173s] DEBUG:colcon.colcon_core.package_identification:Package '.' with type 'ros.ament_cmake' and name 'web_video_server'
[0.173s] Level 1:colcon.colcon_core.package_discovery:discover_packages(recursive) using defaults
[0.173s] Level 1:colcon.colcon_core.package_discovery:discover_packages(ignore) discover
[0.173s] Level 1:colcon.colcon_core.package_discovery:discover_packages(ignore) using defaults
[0.173s] Level 1:colcon.colcon_core.package_discovery:discover_packages(path) discover
[0.173s] Level 1:colcon.colcon_core.package_discovery:discover_packages(path) using defaults
[0.194s] Level 1:colcon.colcon_core.package_discovery:discover_packages(prefix_path) check parameters
[0.194s] Level 1:colcon.colcon_core.package_discovery:discover_packages(prefix_path) discover
[0.197s] DEBUG:colcon.colcon_installed_package_information.package_discovery:Found 1 installed packages in /home/timwilliamson/dev/personal/Robotics/web_video_server/install
[0.197s] DEBUG:colcon.colcon_installed_package_information.package_discovery:Found 280 installed packages in /opt/ros/galactic
[0.198s] Level 1:colcon.colcon_core.package_discovery:discover_packages(prefix_path) using defaults
[0.275s] Level 5:colcon.colcon_core.verb:set package 'web_video_server' build argument 'cmake_args' from command line to 'None'
[0.276s] Level 5:colcon.colcon_core.verb:set package 'web_video_server' build argument 'cmake_target' from command line to 'None'
[0.276s] Level 5:colcon.colcon_core.verb:set package 'web_video_server' build argument 'cmake_target_skip_unavailable' from command line to 'False'
[0.276s] Level 5:colcon.colcon_core.verb:set package 'web_video_server' build argument 'cmake_clean_cache' from command line to 'False'
[0.276s] Level 5:colcon.colcon_core.verb:set package 'web_video_server' build argument 'cmake_clean_first' from command line to 'False'
[0.276s] Level 5:colcon.colcon_core.verb:set package 'web_video_server' build argument 'cmake_force_configure' from command line to 'False'
[0.276s] Level 5:colcon.colcon_core.verb:set package 'web_video_server' build argument 'ament_cmake_args' from command line to 'None'
[0.276s] Level 5:colcon.colcon_core.verb:set package 'web_video_server' build argument 'catkin_cmake_args' from command line to 'None'
[0.276s] Level 5:colcon.colcon_core.verb:set package 'web_video_server' build argument 'catkin_skip_building_tests' from command line to 'False'
[0.276s] DEBUG:colcon.colcon_core.verb:Building package 'web_video_server' with the following arguments: {'ament_cmake_args': None, 'build_base': '/home/timwilliamson/dev/personal/Robotics/web_video_server/build/web_video_server', 'catkin_cmake_args': None, 'catkin_skip_building_tests': False, 'cmake_args': None, 'cmake_clean_cache': False, 'cmake_clean_first': False, 'cmake_force_configure': False, 'cmake_target': None, 'cmake_target_skip_unavailable': False, 'install_base': '/home/timwilliamson/dev/personal/Robotics/web_video_server/install/web_video_server', 'merge_install': False, 'path': '/home/timwilliamson/dev/personal/Robotics/web_video_server', 'symlink_install': False, 'test_result_base': None}
[0.276s] INFO:colcon.colcon_core.executor:Executing jobs using 'parallel' executor
[0.277s] DEBUG:colcon.colcon_parallel_executor.executor.parallel:run_until_complete
[0.277s] INFO:colcon.colcon_ros.task.ament_cmake.build:Building ROS package in '/home/timwilliamson/dev/personal/Robotics/web_video_server' with build type 'ament_cmake'
[0.277s] INFO:colcon.colcon_cmake.task.cmake.build:Building CMake package in '/home/timwilliamson/dev/personal/Robotics/web_video_server'
[0.282s] INFO:colcon.colcon_core.plugin_system:Skipping extension 'colcon_core.shell.bat': Not used on non-Windows systems
[0.282s] INFO:colcon.colcon_core.shell:Skip shell extension 'powershell' for command environment: Not usable outside of PowerShell
[0.282s] DEBUG:colcon.colcon_core.shell:Skip shell extension 'dsv' for command environment
[0.295s] DEBUG:colcon.colcon_core.event_handler.log_command:Invoking command in '/home/timwilliamson/dev/personal/Robotics/web_video_server/build/web_video_server': CMAKE_PREFIX_PATH=/opt/ros/galactic /usr/bin/cmake /home/timwilliamson/dev/personal/Robotics/web_video_server -DCMAKE_INSTALL_PREFIX=/home/timwilliamson/dev/personal/Robotics/web_video_server/install/web_video_server
[0.419s] DEBUG:colcon.colcon_core.event_handler.log_command:Invoked command in '/home/timwilliamson/dev/personal/Robotics/web_video_server/build/web_video_server' returned '1': CMAKE_PREFIX_PATH=/opt/ros/galactic /usr/bin/cmake /home/timwilliamson/dev/personal/Robotics/web_video_server -DCMAKE_INSTALL_PREFIX=/home/timwilliamson/dev/personal/Robotics/web_video_server/install/web_video_server
[0.431s] Level 1:colcon.colcon_core.environment:create_environment_scripts_only(web_video_server)
[0.436s] Level 1:colcon.colcon_core.environment:checking '/home/timwilliamson/dev/personal/Robotics/web_video_server/install/web_video_server' for CMake module files
[0.437s] Level 1:colcon.colcon_core.environment:checking '/home/timwilliamson/dev/personal/Robotics/web_video_server/install/web_video_server' for CMake config files
[0.437s] Level 1:colcon.colcon_core.environment:checking '/home/timwilliamson/dev/personal/Robotics/web_video_server/install/web_video_server/bin'
[0.437s] Level 1:colcon.colcon_core.environment:checking '/home/timwilliamson/dev/personal/Robotics/web_video_server/install/web_video_server/lib/pkgconfig/web_video_server.pc'
[0.437s] Level 1:colcon.colcon_core.environment:checking '/home/timwilliamson/dev/personal/Robotics/web_video_server/install/web_video_server/lib/python3.8/site-packages'
[0.437s] Level 1:colcon.colcon_core.environment:checking '/home/timwilliamson/dev/personal/Robotics/web_video_server/install/web_video_server/bin'
[0.438s] INFO:colcon.colcon_core.shell:Creating package script '/home/timwilliamson/dev/personal/Robotics/web_video_server/install/web_video_server/share/web_video_server/package.ps1'
[0.439s] INFO:colcon.colcon_core.shell:Creating package descriptor '/home/timwilliamson/dev/personal/Robotics/web_video_server/install/web_video_server/share/web_video_server/package.dsv'
[0.439s] INFO:colcon.colcon_core.shell:Creating package script '/home/timwilliamson/dev/personal/Robotics/web_video_server/install/web_video_server/share/web_video_server/package.sh'
[0.439s] INFO:colcon.colcon_core.shell:Creating package script '/home/timwilliamson/dev/personal/Robotics/web_video_server/install/web_video_server/share/web_video_server/package.bash'
[0.440s] INFO:colcon.colcon_core.shell:Creating package script '/home/timwilliamson/dev/personal/Robotics/web_video_server/install/web_video_server/share/web_video_server/package.zsh'
[0.441s] Level 1:colcon.colcon_core.environment:create_file_with_runtime_dependencies(/home/timwilliamson/dev/personal/Robotics/web_video_server/install/web_video_server/share/colcon-core/packages/web_video_server)
[0.451s] DEBUG:colcon.colcon_parallel_executor.executor.parallel:closing loop
[0.451s] DEBUG:colcon.colcon_parallel_executor.executor.parallel:loop closed
[0.451s] DEBUG:colcon.colcon_parallel_executor.executor.parallel:run_until_complete finished with '1'
[0.451s] DEBUG:colcon.colcon_core.event_reactor:joining thread
[0.459s] INFO:colcon.colcon_core.plugin_system:Skipping extension 'colcon_notification.desktop_notification.terminal_notifier': Not used on non-Darwin systems
[0.459s] INFO:colcon.colcon_core.plugin_system:Skipping extension 'colcon_notification.desktop_notification.win32': Not used on non-Windows systems
[0.460s] INFO:colcon.colcon_notification.desktop_notification:Sending desktop notification using 'notify2'
[0.472s] DEBUG:colcon.colcon_core.event_reactor:joined thread
[0.472s] INFO:colcon.colcon_core.shell:Creating prefix script '/home/timwilliamson/dev/personal/Robotics/web_video_server/install/local_setup.ps1'
[0.473s] INFO:colcon.colcon_core.shell:Creating prefix util module '/home/timwilliamson/dev/personal/Robotics/web_video_server/install/_local_setup_util_ps1.py'
[0.475s] INFO:colcon.colcon_core.shell:Creating prefix chain script '/home/timwilliamson/dev/personal/Robotics/web_video_server/install/setup.ps1'
[0.476s] INFO:colcon.colcon_core.shell:Creating prefix script '/home/timwilliamson/dev/personal/Robotics/web_video_server/install/local_setup.sh'
[0.477s] INFO:colcon.colcon_core.shell:Creating prefix util module '/home/timwilliamson/dev/personal/Robotics/web_video_server/install/_local_setup_util_sh.py'
[0.477s] INFO:colcon.colcon_core.shell:Creating prefix chain script '/home/timwilliamson/dev/personal/Robotics/web_video_server/install/setup.sh'
[0.478s] INFO:colcon.colcon_core.shell:Creating prefix script '/home/timwilliamson/dev/personal/Robotics/web_video_server/install/local_setup.bash'
[0.479s] INFO:colcon.colcon_core.shell:Creating prefix chain script '/home/timwilliamson/dev/personal/Robotics/web_video_server/install/setup.bash'
[0.481s] INFO:colcon.colcon_core.shell:Creating prefix script '/home/timwilliamson/dev/personal/Robotics/web_video_server/install/local_setup.zsh'
[0.481s] INFO:colcon.colcon_core.shell:Creating prefix chain script '/home/timwilliamson/dev/personal/Robotics/web_video_server/install/setup.zsh'
